2025-10-22 09:04:06,685 - INFO - Loading top-25 tickers...
2025-10-22 09:04:06,690 - INFO - Processing 25 tickers...
2025-10-22 09:04:06,690 - INFO - [1/25] Processing RELIANCE.NS...
2025-10-22 09:04:06,699 - INFO - [2/25] Processing TCS.NS...
2025-10-22 09:04:06,713 - INFO - [3/25] Processing HDFCBANK.NS...
2025-10-22 09:04:06,721 - INFO - [4/25] Processing INFY.NS...
2025-10-22 09:04:06,723 - INFO - [5/25] Processing ICICIBANK.NS...
2025-10-22 09:04:06,730 - INFO - [6/25] Processing HINDUNILVR.NS...
2025-10-22 09:04:06,731 - INFO - [7/25] Processing ITC.NS...
2025-10-22 09:04:06,733 - INFO - [8/25] Processing SBIN.NS...
2025-10-22 09:04:06,739 - INFO - [9/25] Processing BHARTIARTL.NS...
2025-10-22 09:04:06,740 - INFO - [10/25] Processing KOTAKBANK.NS...
2025-10-22 09:04:06,745 - INFO - [11/25] Processing BAJFINANCE.NS...
2025-10-22 09:04:06,767 - INFO - [12/25] Processing LT.NS...
2025-10-22 09:04:06,773 - INFO - [13/25] Processing HCLTECH.NS...
2025-10-22 09:04:06,778 - INFO - [14/25] Processing AXISBANK.NS...
2025-10-22 09:04:06,785 - INFO - [15/25] Processing MARUTI.NS...
2025-10-22 09:04:06,790 - INFO - [16/25] Processing ASIANPAINT.NS...
2025-10-22 09:04:06,798 - INFO - [17/25] Processing WIPRO.NS...
2025-10-22 09:04:06,806 - INFO - [18/25] Processing TITAN.NS...
2025-10-22 09:04:06,813 - INFO - [19/25] Processing ULTRACEMCO.NS...
2025-10-22 09:04:06,819 - INFO - [20/25] Processing SUNPHARMA.NS...
2025-10-22 09:04:06,820 - INFO - [21/25] Processing NESTLEIND.NS...
2025-10-22 09:04:06,826 - INFO - [22/25] Processing TECHM.NS...
2025-10-22 09:04:06,831 - INFO - [23/25] Processing ADANIENT.NS...
2025-10-22 09:04:06,833 - INFO - [24/25] Processing POWERGRID.NS...
2025-10-22 09:04:06,842 - INFO - [25/25] Processing NTPC.NS...
2025-10-22 09:04:06,846 - INFO - Processed 25 tickers successfully
2025-10-22 09:04:06,851 - INFO - Results saved to frontier_ai_improved_demo_20251022_090406.csv
2025-10-22 09:04:06,852 - INFO - 
================================================================================
2025-10-22 09:04:06,852 - INFO - SUMMARY
2025-10-22 09:04:06,852 - INFO - ================================================================================
2025-10-22 09:04:06,852 - INFO - Total tickers processed: 25
2025-10-22 09:04:06,852 - INFO - Final picks (gates passed): 0
2025-10-22 09:04:06,852 - INFO - Average alpha: 57.21
2025-10-22 09:04:06,853 - INFO - Top 5 picks by alpha:
2025-10-22 09:04:06,853 - INFO -   NTPC.NS      | Alpha:  70.53 | ✗ filtered | Top Trending Stocks: SBI Share Price, Axis Bank Share Price, HDFC Bank Share Pri
2025-10-22 09:04:06,853 - INFO -   TECHM.NS     | Alpha:  68.73 | ✗ filtered | Full Article Fetch Test - TECHM
2025-10-22 09:04:06,854 - INFO -   WIPRO.NS     | Alpha:  68.55 | ✗ filtered | Top Trending Stocks: SBI Share Price, Axis Bank Share Price, HDFC Bank Share Pri
2025-10-22 09:04:06,854 - INFO -   SBIN.NS      | Alpha:  68.37 | ✗ filtered | Full Article Fetch Test - SBINEQWETF
2025-10-22 09:04:06,854 - INFO -   ICICIBANK.NS | Alpha:  68.16 | ✗ filtered | Full Article Fetch Test - ICICIBANK
