2025-10-22 09:03:46,611 - INFO - Loading top-25 tickers...
2025-10-22 09:03:46,615 - INFO - Processing 25 tickers...
2025-10-22 09:03:46,616 - INFO - [1/25] Processing RELIANCE.NS...
2025-10-22 09:03:47,610 - ERROR - Error computing features for RELIANCE.NS: If using all scalar values, you must pass an index
2025-10-22 09:03:47,610 - WARNING - Failed to compute features for RELIANCE.NS
2025-10-22 09:03:47,611 - INFO - [2/25] Processing TCS.NS...
2025-10-22 09:03:47,972 - ERROR - Error computing features for TCS.NS: If using all scalar values, you must pass an index
2025-10-22 09:03:47,972 - WARNING - Failed to compute features for TCS.NS
2025-10-22 09:03:47,972 - INFO - [3/25] Processing HDFCBANK.NS...
2025-10-22 09:03:48,183 - ERROR - Error computing features for HDFCBANK.NS: If using all scalar values, you must pass an index
2025-10-22 09:03:48,183 - WARNING - Failed to compute features for HDFCBANK.NS
2025-10-22 09:03:48,184 - INFO - [4/25] Processing INFY.NS...
2025-10-22 09:03:48,413 - ERROR - Error computing features for INFY.NS: If using all scalar values, you must pass an index
2025-10-22 09:03:48,414 - WARNING - Failed to compute features for INFY.NS
2025-10-22 09:03:48,414 - INFO - [5/25] Processing ICICIBANK.NS...
2025-10-22 09:03:48,649 - ERROR - Error computing features for ICICIBANK.NS: If using all scalar values, you must pass an index
2025-10-22 09:03:48,649 - WARNING - Failed to compute features for ICICIBANK.NS
2025-10-22 09:03:48,651 - INFO - [6/25] Processing HINDUNILVR.NS...
2025-10-22 09:03:48,934 - ERROR - Error computing features for HINDUNILVR.NS: If using all scalar values, you must pass an index
2025-10-22 09:03:48,938 - WARNING - Failed to compute features for HINDUNILVR.NS
2025-10-22 09:03:48,940 - INFO - [7/25] Processing ITC.NS...
2025-10-22 09:03:49,171 - ERROR - Error computing features for ITC.NS: If using all scalar values, you must pass an index
2025-10-22 09:03:49,174 - WARNING - Failed to compute features for ITC.NS
2025-10-22 09:03:49,175 - INFO - [8/25] Processing SBIN.NS...
2025-10-22 09:03:49,533 - ERROR - Error computing features for SBIN.NS: If using all scalar values, you must pass an index
2025-10-22 09:03:49,534 - WARNING - Failed to compute features for SBIN.NS
2025-10-22 09:03:49,535 - INFO - [9/25] Processing BHARTIARTL.NS...
2025-10-22 09:03:49,849 - ERROR - Error computing features for BHARTIARTL.NS: If using all scalar values, you must pass an index
2025-10-22 09:03:49,850 - WARNING - Failed to compute features for BHARTIARTL.NS
2025-10-22 09:03:49,852 - INFO - [10/25] Processing KOTAKBANK.NS...
2025-10-22 09:03:50,248 - ERROR - Error computing features for KOTAKBANK.NS: If using all scalar values, you must pass an index
2025-10-22 09:03:50,248 - WARNING - Failed to compute features for KOTAKBANK.NS
2025-10-22 09:03:50,248 - INFO - [11/25] Processing BAJFINANCE.NS...
2025-10-22 09:03:50,485 - ERROR - Error computing features for BAJFINANCE.NS: If using all scalar values, you must pass an index
2025-10-22 09:03:50,486 - WARNING - Failed to compute features for BAJFINANCE.NS
2025-10-22 09:03:50,487 - INFO - [12/25] Processing LT.NS...
2025-10-22 09:03:50,735 - ERROR - Error computing features for LT.NS: If using all scalar values, you must pass an index
2025-10-22 09:03:50,737 - WARNING - Failed to compute features for LT.NS
2025-10-22 09:03:50,737 - INFO - [13/25] Processing HCLTECH.NS...
2025-10-22 09:03:50,983 - ERROR - Error computing features for HCLTECH.NS: If using all scalar values, you must pass an index
2025-10-22 09:03:50,984 - WARNING - Failed to compute features for HCLTECH.NS
2025-10-22 09:03:50,985 - INFO - [14/25] Processing AXISBANK.NS...
2025-10-22 09:03:51,184 - ERROR - Error computing features for AXISBANK.NS: If using all scalar values, you must pass an index
2025-10-22 09:03:51,184 - WARNING - Failed to compute features for AXISBANK.NS
2025-10-22 09:03:51,184 - INFO - [15/25] Processing MARUTI.NS...
2025-10-22 09:03:51,432 - ERROR - Error computing features for MARUTI.NS: If using all scalar values, you must pass an index
2025-10-22 09:03:51,432 - WARNING - Failed to compute features for MARUTI.NS
2025-10-22 09:03:51,436 - INFO - [16/25] Processing ASIANPAINT.NS...
2025-10-22 09:03:51,665 - ERROR - Error computing features for ASIANPAINT.NS: If using all scalar values, you must pass an index
2025-10-22 09:03:51,665 - WARNING - Failed to compute features for ASIANPAINT.NS
2025-10-22 09:03:51,666 - INFO - [17/25] Processing WIPRO.NS...
2025-10-22 09:03:51,957 - ERROR - Error computing features for WIPRO.NS: If using all scalar values, you must pass an index
2025-10-22 09:03:51,957 - WARNING - Failed to compute features for WIPRO.NS
2025-10-22 09:03:51,958 - INFO - [18/25] Processing TITAN.NS...
2025-10-22 09:03:52,197 - ERROR - Error computing features for TITAN.NS: If using all scalar values, you must pass an index
2025-10-22 09:03:52,198 - WARNING - Failed to compute features for TITAN.NS
2025-10-22 09:03:52,199 - INFO - [19/25] Processing ULTRACEMCO.NS...
2025-10-22 09:03:52,530 - ERROR - Error computing features for ULTRACEMCO.NS: If using all scalar values, you must pass an index
2025-10-22 09:03:52,534 - WARNING - Failed to compute features for ULTRACEMCO.NS
2025-10-22 09:03:52,534 - INFO - [20/25] Processing SUNPHARMA.NS...
2025-10-22 09:03:52,744 - ERROR - Error computing features for SUNPHARMA.NS: If using all scalar values, you must pass an index
2025-10-22 09:03:52,745 - WARNING - Failed to compute features for SUNPHARMA.NS
2025-10-22 09:03:52,745 - INFO - [21/25] Processing NESTLEIND.NS...
2025-10-22 09:03:52,963 - ERROR - Error computing features for NESTLEIND.NS: If using all scalar values, you must pass an index
2025-10-22 09:03:52,964 - WARNING - Failed to compute features for NESTLEIND.NS
2025-10-22 09:03:52,964 - INFO - [22/25] Processing TECHM.NS...
2025-10-22 09:03:53,391 - ERROR - Error computing features for TECHM.NS: If using all scalar values, you must pass an index
2025-10-22 09:03:53,392 - WARNING - Failed to compute features for TECHM.NS
2025-10-22 09:03:53,393 - INFO - [23/25] Processing ADANIENT.NS...
2025-10-22 09:03:53,745 - ERROR - Error computing features for ADANIENT.NS: If using all scalar values, you must pass an index
2025-10-22 09:03:53,746 - WARNING - Failed to compute features for ADANIENT.NS
2025-10-22 09:03:53,746 - INFO - [24/25] Processing POWERGRID.NS...
2025-10-22 09:03:53,956 - ERROR - Error computing features for POWERGRID.NS: If using all scalar values, you must pass an index
2025-10-22 09:03:53,957 - WARNING - Failed to compute features for POWERGRID.NS
2025-10-22 09:03:53,961 - INFO - [25/25] Processing NTPC.NS...
2025-10-22 09:03:54,197 - ERROR - Error computing features for NTPC.NS: If using all scalar values, you must pass an index
2025-10-22 09:03:54,200 - WARNING - Failed to compute features for NTPC.NS
