2025-10-22 08:39:23,593 - INFO - Loading top-25 tickers...
2025-10-22 08:39:23,595 - INFO - Processing 25 tickers...
2025-10-22 08:39:23,596 - INFO - [1/25] Processing RELIANCE.NS...
2025-10-22 08:39:23,601 - INFO - [2/25] Processing TCS.NS...
2025-10-22 08:39:23,625 - INFO - [3/25] Processing HDFCBANK.NS...
2025-10-22 08:39:23,645 - INFO - [4/25] Processing INFY.NS...
2025-10-22 08:39:23,647 - INFO - [5/25] Processing ICICIBANK.NS...
2025-10-22 08:39:23,649 - INFO - [6/25] Processing HINDUNILVR.NS...
2025-10-22 08:39:23,655 - INFO - [7/25] Processing ITC.NS...
2025-10-22 08:39:23,663 - INFO - [8/25] Processing SBIN.NS...
2025-10-22 08:39:23,678 - INFO - [9/25] Processing BHARTIARTL.NS...
2025-10-22 08:39:23,696 - INFO - [10/25] Processing KOTAKBANK.NS...
2025-10-22 08:39:23,702 - INFO - [11/25] Processing BAJFINANCE.NS...
2025-10-22 08:39:23,704 - INFO - [12/25] Processing LT.NS...
2025-10-22 08:39:23,707 - INFO - [13/25] Processing HCLTECH.NS...
2025-10-22 08:39:23,709 - INFO - [14/25] Processing AXISBANK.NS...
2025-10-22 08:39:23,716 - INFO - [15/25] Processing MARUTI.NS...
2025-10-22 08:39:23,723 - INFO - [16/25] Processing ASIANPAINT.NS...
2025-10-22 08:39:23,731 - INFO - [17/25] Processing WIPRO.NS...
2025-10-22 08:39:23,740 - INFO - [18/25] Processing TITAN.NS...
2025-10-22 08:39:23,771 - INFO - [19/25] Processing ULTRACEMCO.NS...
2025-10-22 08:39:23,782 - INFO - [20/25] Processing SUNPHARMA.NS...
2025-10-22 08:39:23,785 - INFO - [21/25] Processing NESTLEIND.NS...
2025-10-22 08:39:23,789 - INFO - [22/25] Processing TECHM.NS...
2025-10-22 08:39:23,797 - INFO - [23/25] Processing ADANIENT.NS...
2025-10-22 08:39:23,821 - INFO - [24/25] Processing POWERGRID.NS...
2025-10-22 08:39:23,825 - INFO - [25/25] Processing NTPC.NS...
2025-10-22 08:39:23,829 - INFO - Processed 25 tickers successfully
2025-10-22 08:39:23,831 - INFO - Results saved to frontier_ai_improved_certainty_20251022_083923.csv
2025-10-22 08:39:23,831 - INFO - 
================================================================================
2025-10-22 08:39:23,832 - INFO - SUMMARY
2025-10-22 08:39:23,832 - INFO - ================================================================================
2025-10-22 08:39:23,832 - INFO - Total tickers processed: 25
2025-10-22 08:39:23,832 - INFO - Final picks (gates passed): 0
2025-10-22 08:39:23,833 - INFO - Average alpha: 46.24
2025-10-22 08:39:23,833 - INFO - Top 5 picks by alpha:
2025-10-22 08:39:23,834 - INFO -   POWERGRID.NS | Alpha:  62.56 | ✗ filtered | N/A
2025-10-22 08:39:23,835 - INFO -   HCLTECH.NS   | Alpha:  62.17 | ✗ filtered | N/A
2025-10-22 08:39:23,836 - INFO -   BHARTIARTL.NS | Alpha:  61.83 | ✗ filtered | N/A
2025-10-22 08:39:23,836 - INFO -   INFY.NS      | Alpha:  61.07 | ✗ filtered | N/A
2025-10-22 08:39:23,837 - INFO -   ITC.NS       | Alpha:  60.61 | ✗ filtered | N/A
