2025-10-22 19:51:54,489 - INFO - Reading news from: aggregated_full_articles_48h_20251022_121148.txt
2025-10-22 19:51:54,495 - INFO - 📰 News file size: 609336 bytes
2025-10-22 19:51:54,512 - INFO - 📊 Found 2976 company sections
2025-10-22 19:51:54,537 - INFO - ✅ GLOBAL: 5 headlines extracted
2025-10-22 19:51:54,537 - INFO - ✅ KORE: 2 headlines extracted
2025-10-22 19:51:54,544 - INFO - ✅ TRU: 7 headlines extracted
2025-10-22 19:51:54,546 - INFO - ✅ BIL: 1 headlines extracted
2025-10-22 19:51:54,547 - INFO - ✅ RETAIL: 1 headlines extracted
2025-10-22 19:51:54,547 - INFO - ✅ STEL: 1 headlines extracted
2025-10-22 19:51:54,551 - INFO - ✅ TRUST: 2 headlines extracted
2025-10-22 19:51:54,552 - INFO - ✅ URBAN: 2 headlines extracted
2025-10-22 19:51:54,555 - INFO - ✅ YATRA: 2 headlines extracted
2025-10-22 19:51:54,557 - INFO - ✅ ATL: 2 headlines extracted
2025-10-22 19:51:54,557 - INFO - ✅ CLEAN: 1 headlines extracted
2025-10-22 19:51:54,560 - INFO - ✅ FACT: 1 headlines extracted
2025-10-22 19:51:54,561 - INFO - ✅ GNA: 2 headlines extracted
2025-10-22 19:51:54,564 - INFO - ✅ IT: 3 headlines extracted
2025-10-22 19:51:54,564 - INFO - ✅ MOS: 1 headlines extracted
2025-10-22 19:51:54,571 - INFO - ✅ NH: 1 headlines extracted
2025-10-22 19:51:54,574 - INFO - ✅ PREMIUM: 1 headlines extracted
2025-10-22 19:51:54,575 - INFO - ✅ PROV: 1 headlines extracted
2025-10-22 19:51:54,577 - INFO - ✅ RAIN: 1 headlines extracted
2025-10-22 19:51:54,579 - INFO - ✅ SERVICE: 1 headlines extracted
2025-10-22 19:51:54,583 - INFO - ✅ SIL: 1 headlines extracted
2025-10-22 19:51:54,584 - INFO - ✅ SILVER: 1 headlines extracted
2025-10-22 19:51:54,586 - INFO - ✅ SIRCA: 1 headlines extracted
2025-10-22 19:51:54,588 - INFO - ✅ BEL: 1 headlines extracted
2025-10-22 19:51:54,589 - INFO - ✅ BSE: 1 headlines extracted
2025-10-22 19:51:54,590 - INFO - ✅ LT: 1 headlines extracted
2025-10-22 19:51:54,590 - INFO - ✅ NMDC: 1 headlines extracted
2025-10-22 19:51:54,594 - INFO - ✅ OIL: 2 headlines extracted
2025-10-22 19:51:54,595 - INFO - ✅ SYNGENE: 1 headlines extracted
2025-10-22 19:51:54,596 - INFO - ✅ TCS: 1 headlines extracted
2025-10-22 19:51:54,597 - INFO - 
================================================================================
2025-10-22 19:51:54,599 - INFO - 📊 NEWS EXTRACTION SUMMARY
2025-10-22 19:51:54,600 - INFO - ================================================================================
2025-10-22 19:51:54,601 - INFO - ✅ Companies with news: 30
2025-10-22 19:51:54,602 - INFO - ⚠️  Companies marked 'no fresh items': 2946
2025-10-22 19:51:54,603 - INFO - ❌ Companies skipped (no headlines found): 0
2025-10-22 19:51:54,605 - INFO - 📰 Total headlines extracted: 49
2025-10-22 19:51:54,606 - INFO - ================================================================================

2025-10-22 19:51:54,608 - INFO - Found news for 30 companies
2025-10-22 19:51:54,609 - INFO - [AI+Quant] Analyzing TRU with 7 headlines...
2025-10-22 19:51:54,611 - INFO -   📰 Processing 7 headlines for TRU
2025-10-22 19:51:54,625 - INFO -     [5/7] Analyzed: Tata Trusts reappoints Venu Srinivasan as ‘trustee for life’...
2025-10-22 19:51:54,633 - INFO - [AI+Quant] Analyzing GLOBAL with 5 headlines...
2025-10-22 19:51:54,635 - INFO -   📰 Processing 5 headlines for GLOBAL
2025-10-22 19:51:54,638 - INFO -     [5/5] Analyzed: Global investors like the new-look Japan government, for now...
2025-10-22 19:51:54,644 - INFO - [AI+Quant] Analyzing IT with 3 headlines...
2025-10-22 19:51:54,645 - INFO -   📰 Processing 3 headlines for IT
2025-10-22 19:51:54,647 - INFO - [AI+Quant] Analyzing KORE with 2 headlines...
2025-10-22 19:51:54,649 - INFO -   📰 Processing 2 headlines for KORE
2025-10-22 19:51:54,659 - INFO - [AI+Quant] Analyzing TRUST with 2 headlines...
2025-10-22 19:51:54,662 - INFO -   📰 Processing 2 headlines for TRUST
2025-10-22 19:51:54,665 - INFO - [AI+Quant] Analyzing URBAN with 2 headlines...
2025-10-22 19:51:54,666 - INFO -   📰 Processing 2 headlines for URBAN
2025-10-22 19:51:54,667 - INFO - [AI+Quant] Analyzing YATRA with 2 headlines...
2025-10-22 19:51:54,668 - INFO -   📰 Processing 2 headlines for YATRA
2025-10-22 19:51:54,669 - INFO - [AI+Quant] Analyzing ATL with 2 headlines...
2025-10-22 19:51:54,670 - INFO -   📰 Processing 2 headlines for ATL
2025-10-22 19:51:54,672 - INFO - [AI+Quant] Analyzing GNA with 2 headlines...
2025-10-22 19:51:54,674 - INFO -   📰 Processing 2 headlines for GNA
2025-10-22 19:51:54,677 - INFO - [AI+Quant] Analyzing OIL with 2 headlines...
2025-10-22 19:51:54,680 - INFO -   📰 Processing 2 headlines for OIL
2025-10-22 19:51:54,683 - INFO - [AI+Quant] Analyzing BIL with 1 headlines...
2025-10-22 19:51:54,685 - INFO -   📰 Processing 1 headlines for BIL
2025-10-22 19:51:54,689 - INFO - [AI+Quant] Analyzing RETAIL with 1 headlines...
2025-10-22 19:51:54,691 - INFO -   📰 Processing 1 headlines for RETAIL
2025-10-22 19:51:54,693 - INFO - [AI+Quant] Analyzing STEL with 1 headlines...
2025-10-22 19:51:54,694 - INFO -   📰 Processing 1 headlines for STEL
2025-10-22 19:51:54,697 - INFO - [AI+Quant] Analyzing CLEAN with 1 headlines...
2025-10-22 19:51:54,698 - INFO -   📰 Processing 1 headlines for CLEAN
2025-10-22 19:51:54,699 - INFO - [AI+Quant] Analyzing FACT with 1 headlines...
2025-10-22 19:51:54,701 - INFO -   📰 Processing 1 headlines for FACT
2025-10-22 19:51:54,705 - INFO - [AI+Quant] Analyzing MOS with 1 headlines...
2025-10-22 19:51:54,707 - INFO -   📰 Processing 1 headlines for MOS
2025-10-22 19:51:54,712 - INFO - [AI+Quant] Analyzing NH with 1 headlines...
2025-10-22 19:51:54,714 - INFO -   📰 Processing 1 headlines for NH
2025-10-22 19:51:54,716 - INFO - [AI+Quant] Analyzing PREMIUM with 1 headlines...
2025-10-22 19:51:54,718 - INFO -   📰 Processing 1 headlines for PREMIUM
2025-10-22 19:51:54,721 - INFO - [AI+Quant] Analyzing PROV with 1 headlines...
2025-10-22 19:51:54,722 - INFO -   📰 Processing 1 headlines for PROV
2025-10-22 19:51:54,726 - INFO - [AI+Quant] Analyzing RAIN with 1 headlines...
2025-10-22 19:51:54,727 - INFO -   📰 Processing 1 headlines for RAIN
2025-10-22 19:51:54,733 - INFO - [AI+Quant] Analyzing SERVICE with 1 headlines...
2025-10-22 19:51:54,738 - INFO -   📰 Processing 1 headlines for SERVICE
2025-10-22 19:51:54,740 - INFO - [AI+Quant] Analyzing SIL with 1 headlines...
2025-10-22 19:51:54,743 - INFO -   📰 Processing 1 headlines for SIL
2025-10-22 19:51:54,750 - INFO - [AI+Quant] Analyzing SILVER with 1 headlines...
2025-10-22 19:51:54,751 - INFO -   📰 Processing 1 headlines for SILVER
2025-10-22 19:51:54,752 - INFO - [AI+Quant] Analyzing SIRCA with 1 headlines...
2025-10-22 19:51:54,755 - INFO -   📰 Processing 1 headlines for SIRCA
2025-10-22 19:51:54,758 - INFO - [AI+Quant] Analyzing BEL with 1 headlines...
2025-10-22 19:51:54,758 - INFO -   📰 Processing 1 headlines for BEL
2025-10-22 19:51:54,762 - INFO - [AI+Quant] Analyzing BSE with 1 headlines...
2025-10-22 19:51:54,762 - INFO -   📰 Processing 1 headlines for BSE
2025-10-22 19:51:54,763 - INFO - [AI+Quant] Analyzing LT with 1 headlines...
2025-10-22 19:51:54,764 - INFO -   📰 Processing 1 headlines for LT
2025-10-22 19:51:54,766 - INFO - [AI+Quant] Analyzing NMDC with 1 headlines...
2025-10-22 19:51:54,767 - INFO -   📰 Processing 1 headlines for NMDC
2025-10-22 19:51:54,768 - INFO - [AI+Quant] Analyzing SYNGENE with 1 headlines...
2025-10-22 19:51:54,771 - INFO -   📰 Processing 1 headlines for SYNGENE
2025-10-22 19:51:54,774 - INFO - [AI+Quant] Analyzing TCS with 1 headlines...
2025-10-22 19:51:54,780 - INFO -   📰 Processing 1 headlines for TCS
2025-10-22 19:51:54,789 - INFO - 
✅ Results saved to: frontier_real_ai_20251022_174146.csv

====================================================================================================
🤖 FRONTIER AI + REAL AI INTEGRATED ANALYSIS
====================================================================================================

Features:
  ✅ Real AI news understanding (context + reasoning)
  ✅ Enhanced certainty calculation (6-component)
  ✅ Investment recommendations with confidence
  ✅ Risk/opportunity identification

====================================================================================================


[1/30] Analyzing TRU...
  ⭐⭐ HOLD - Score: 48.2/100
  Sentiment: BULLISH, Action: watch

[2/30] Analyzing GLOBAL...
  ⭐ REDUCE - Score: 42.3/100
  Sentiment: BULLISH, Action: hold

[3/30] Analyzing IT...
  ❌ SELL - Score: 34.3/100
  Sentiment: MIXED, Action: watch

[4/30] Analyzing KORE...
  ❌ SELL - Score: 23.2/100
  Sentiment: MIXED, Action: hold

[5/30] Analyzing TRUST...
  ⭐⭐⭐ ACCUMULATE - Score: 57.0/100
  Sentiment: MIXED, Action: watch

[6/30] Analyzing URBAN...
  ❌ SELL - Score: 24.0/100
  Sentiment: MIXED, Action: hold

[7/30] Analyzing YATRA...
  ❌ SELL - Score: 28.8/100
  Sentiment: MIXED, Action: hold

[8/30] Analyzing ATL...
  ❌ SELL - Score: 22.5/100
  Sentiment: MIXED, Action: hold

[9/30] Analyzing GNA...
  ❌ SELL - Score: 22.2/100
  Sentiment: MIXED, Action: watch

[10/30] Analyzing OIL...
  ❌ SELL - Score: 20.8/100
  Sentiment: MIXED, Action: watch

[11/30] Analyzing BIL...
  ⭐⭐⭐⭐⭐ STRONG BUY - Score: 84.1/100
  Sentiment: BULLISH, Action: buy

[12/30] Analyzing RETAIL...
  ⭐⭐⭐⭐⭐ STRONG BUY - Score: 84.1/100
  Sentiment: BULLISH, Action: buy

[13/30] Analyzing STEL...
  ⭐⭐⭐ ACCUMULATE - Score: 57.0/100
  Sentiment: MIXED, Action: watch

[14/30] Analyzing CLEAN...
  ⭐⭐⭐⭐⭐ STRONG BUY - Score: 84.1/100
  Sentiment: BULLISH, Action: buy

[15/30] Analyzing FACT...
  ❌ SELL - Score: 26.5/100
  Sentiment: MIXED, Action: hold

[16/30] Analyzing MOS...
  ⭐⭐⭐⭐⭐ STRONG BUY - Score: 84.1/100
  Sentiment: BULLISH, Action: buy

[17/30] Analyzing NH...
  ❌ SELL - Score: 20.0/100
  Sentiment: MIXED, Action: watch

[18/30] Analyzing PREMIUM...
  ❌ SELL - Score: 20.0/100
  Sentiment: MIXED, Action: watch

[19/30] Analyzing PROV...
  ❌ SELL - Score: 20.0/100
  Sentiment: MIXED, Action: watch

[20/30] Analyzing RAIN...
  ❌ SELL - Score: 20.0/100
  Sentiment: MIXED, Action: watch

[21/30] Analyzing SERVICE...
  ❌ SELL - Score: 20.0/100
  Sentiment: MIXED, Action: watch

[22/30] Analyzing SIL...
  ⭐⭐⭐⭐⭐ STRONG BUY - Score: 78.3/100
  Sentiment: BULLISH, Action: buy

[23/30] Analyzing SILVER...
  ⭐⭐⭐⭐⭐ STRONG BUY - Score: 78.3/100
  Sentiment: BULLISH, Action: buy

[24/30] Analyzing SIRCA...
  ❌ SELL - Score: 20.0/100
  Sentiment: MIXED, Action: watch

[25/30] Analyzing BEL...
  ❌ SELL - Score: 20.0/100
  Sentiment: MIXED, Action: watch

[26/30] Analyzing BSE...
  ❌ SELL - Score: 20.0/100
  Sentiment: MIXED, Action: watch

[27/30] Analyzing LT...
  ❌ SELL - Score: 20.0/100
  Sentiment: MIXED, Action: watch

[28/30] Analyzing NMDC...
  ❌ SELL - Score: 23.0/100
  Sentiment: MIXED, Action: watch

[29/30] Analyzing SYNGENE...
  ⭐⭐⭐⭐ BUY - Score: 70.8/100
  Sentiment: BULLISH, Action: watch

[30/30] Analyzing TCS...
  ❌ SELL - Score: 20.0/100
  Sentiment: MIXED, Action: watch

====================================================================================================
🏆 TOP 10 PICKS
====================================================================================================

11. BIL - STRONG BUY
   Score: 84.1 | Sentiment: bullish
   Catalysts: foreign_investment

12. RETAIL - STRONG BUY
   Score: 84.1 | Sentiment: bullish
   Catalysts: foreign_investment

14. CLEAN - STRONG BUY
   Score: 84.1 | Sentiment: bullish
   Catalysts: foreign_investment

16. MOS - STRONG BUY
   Score: 84.1 | Sentiment: bullish
   Catalysts: foreign_investment

22. SIL - STRONG BUY
   Score: 78.3 | Sentiment: bullish
   Catalysts: record_sales

23. SILVER - STRONG BUY
   Score: 78.3 | Sentiment: bullish
   Catalysts: record_sales

29. SYNGENE - BUY
   Score: 70.8 | Sentiment: bullish
   Catalysts: expansion

5. TRUST - ACCUMULATE
   Score: 57.0 | Sentiment: mixed
   Catalysts: management_change

13. STEL - ACCUMULATE
   Score: 57.0 | Sentiment: mixed
   Catalysts: management_change

1. TRU - HOLD
   Score: 48.2 | Sentiment: bullish
   Catalysts: management_change, foreign_investment

====================================================================================================
✅ Analysis Complete!
====================================================================================================

