16:39:13 [INFO] <module>:159 - 🚀 Performance debugging enabled: False
16:39:13 [WARNING] <module>:5888 - Enhanced screener modules not available - using legacy methods
16:39:13 [WARNING] <module>:5901 - sklearn not available - some institutional modules will use fallback methods
16:39:13 [WARNING] __init__:5930 - Institutional modules initialized with limited functionality
[21STCENMGM] No fresh items in last 48h
[A2ZINFRA] No fresh items in last 48h
[ACL] No fresh items in last 48h
[AGSTRA] No fresh items in last 48h
[ANSALAPI] No fresh items in last 48h
[BLUECHIP] No fresh items in last 48h
[DHARAN] No fresh items in last 48h
[EXCEL] No fresh items in last 48h
[FEL] No fresh items in last 48h
[GVKPIL] No fresh items in last 48h
[IEL] No fresh items in last 48h
[ITTL] No fresh items in last 48h
[KRISHIVAL] No fresh items in last 48h
[MANUGRAPH] No fresh items in last 48h
[MEP] No fresh items in last 48h
[MVKAGRO] No fresh items in last 48h
[NORBTEAEXP] No fresh items in last 48h
[ORTINGLOBE] No fresh items in last 48h
[OSELDEVICE] No fresh items in last 48h
[PATTECH] No fresh items in last 48h
[POLYSIL] No fresh items in last 48h
[PPAP] No fresh items in last 48h
[PRAXIS] No fresh items in last 48h
[RAJRILTD] No fresh items in last 48h
[RSSOFTWARE] No fresh items in last 48h
[SADHNANIQ] No fresh items in last 48h
[SANWARIA] No fresh items in last 48h
[SITINET] No fresh items in last 48h
[SRPL] No fresh items in last 48h
[TANKUP] No fresh items in last 48h
[UMAEXPORTS] No fresh items in last 48h
[UNITEDPOLY] No fresh items in last 48h
[VOLERCAR] No fresh items in last 48h
[WELINV] No fresh items in last 48h
[WINSOME] No fresh items in last 48h
[AAKASH] No fresh items in last 48h
[AAREYDRUGS] No fresh items in last 48h
[AARTECH] No fresh items in last 48h
[AARTISURF] No fresh items in last 48h
[AARVEEDEN] No fresh items in last 48h
[ABAN] No fresh items in last 48h
[ABHAPOWER] No fresh items in last 48h
[ABINFRA] No fresh items in last 48h
[ABMINTLLTD] No fresh items in last 48h
[ACCENTMIC] No fresh items in last 48h
[ACCORD] No fresh items in last 48h
[AESTHETIK] No fresh items in last 48h
[AGARWALFT] No fresh items in last 48h
[AGNI] No fresh items in last 48h
[AGROPHOS] No fresh items in last 48h
[AGUL] No fresh items in last 48h
[AHCL] No fresh items in last 48h
[AHIMSA] No fresh items in last 48h
[AILIMITED] No fresh items in last 48h
[AISL] No fresh items in last 48h
[AKANKSHA] No fresh items in last 48h
[AKI] No fresh items in last 48h
[AKIKO] No fresh items in last 48h
[ALPSINDUS] No fresh items in last 48h
[ALUWIND] No fresh items in last 48h
[AMANTA] No fresh items in last 48h
[AMBANIORGO] No fresh items in last 48h
[AMEYA] No fresh items in last 48h
[AMJUMBO] No fresh items in last 48h
[ANKITMETAL] No fresh items in last 48h
[ANLON] No fresh items in last 48h
[APCL] No fresh items in last 48h
[APS] No fresh items in last 48h
[ARCHIES] No fresh items in last 48h
[ARENTERP] No fresh items in last 48h
[ARFIN] No fresh items in last 48h
[ARSHIYA] No fresh items in last 48h
[ARTNIRMAN] No fresh items in last 48h
[ARUNAYA] No fresh items in last 48h
[ARVEE] No fresh items in last 48h
[ARVINDPORT] No fresh items in last 48h
[ASCOM] No fresh items in last 48h
[ASIANHOTNR] No fresh items in last 48h
[ASIANTILES] No fresh items in last 48h
[ASLIND] No fresh items in last 48h
[ASTRON] No fresh items in last 48h
[ATALREAL] No fresh items in last 48h
[ATLASCYCLE] No fresh items in last 48h
[AUSL] No fresh items in last 48h
[AUSOMENT] No fresh items in last 48h
[AVSL] No fresh items in last 48h
[AXISCADES] No fresh items in last 48h
[BAFNAPH] No fresh items in last 48h
[BAJAJINDEF] No fresh items in last 48h
[BAJEL] No fresh items in last 48h
[BALAJIPHOS] No fresh items in last 48h
[BALCO] No fresh items in last 48h
[BALUFORGE] No fresh items in last 48h
[BANKA] No fresh items in last 48h
[BARFLEX] No fresh items in last 48h
[BASILIC] No fresh items in last 48h
[BBOX] No fresh items in last 48h
[BCG] No fresh items in last 48h
[BDR] No fresh items in last 48h
[BESTAGRO] No fresh items in last 48h
[BEWLTD] No fresh items in last 48h
[BGLOBAL] No fresh items in last 48h
[BGRENERGY] No fresh items in last 48h
[BHAGYANGR] No fresh items in last 48h
[BHARATSE] No fresh items in last 48h
[BIKEWO] No fresh items in last 48h
[BIOFILCHEM] No fresh items in last 48h
[BIRDYS] No fresh items in last 48h
[BIRLACABLE] No fresh items in last 48h
[BLSE] No fresh items in last 48h
[BLUECOAST] No fresh items in last 48h
[BLUEJET] No fresh items in last 48h
[BOHRAIND] No fresh items in last 48h
[BOSS] No fresh items in last 48h
[BROOKS] No fresh items in last 48h
[BULKCORP] No fresh items in last 48h
[BVCL] No fresh items in last 48h
[C2C] No fresh items in last 48h
[CADSYS] No fresh items in last 48h
[CALSOFT] No fresh items in last 48h
[CALSOFTPP] No fresh items in last 48h
[CAMLINFINE] No fresh items in last 48h
[CAPTRUST] No fresh items in last 48h
[CBAZAAR] No fresh items in last 48h
[CENTRUM] No fresh items in last 48h
[CEREBRAINT] No fresh items in last 48h
[CHANDAN] No fresh items in last 48h
[CINEVISTA] No fresh items in last 48h
[CLEDUCATE] No fresh items in last 48h
[CMICABLES] No fresh items in last 48h
[CMRSL] No fresh items in last 48h
[COFFEEDAY] No fresh items in last 48h
[COMMITTED] No fresh items in last 48h
[COMPINFO] No fresh items in last 48h
[CONTI] No fresh items in last 48h
[COUNCODOS] No fresh items in last 48h
[CPEDU] No fresh items in last 48h
[CPPLUS] No fresh items in last 48h
[CPS] No fresh items in last 48h
[CTE] No fresh items in last 48h
[CUBEXTUB] No fresh items in last 48h
[CURAA] No fresh items in last 48h
[CURRENT] No fresh items in last 48h
[CYBERMEDIA] No fresh items in last 48h
[CYBERPP] No fresh items in last 48h
[DANGEE] No fresh items in last 48h
[DCAL] No fresh items in last 48h
[DCMFINSERV] No fresh items in last 48h
[DELPHIFX] No fresh items in last 48h
[DELTAMAGNT] No fresh items in last 48h
[DESTINY] No fresh items in last 48h
[DGCONTENT] No fresh items in last 48h
[DHRUV] No fresh items in last 48h
[DIGJAMLMTD] No fresh items in last 48h
[DIVINEHIRA] No fresh items in last 48h
[DIVYADHAN] No fresh items in last 48h
[DREAMFOLKS] No fresh items in last 48h
[DRL] No fresh items in last 48h
[DRSDILIP] No fresh items in last 48h
[E2E] No fresh items in last 48h
[EASTSILK] No fresh items in last 48h
[EDUCOMP] No fresh items in last 48h
[EFFWA] No fresh items in last 48h
[EIFFL] No fresh items in last 48h
[ELECTHERM] No fresh items in last 48h
[ELGIRUBCO] No fresh items in last 48h
[EMAMIREAL] No fresh items in last 48h
[ENERGYDEV] No fresh items in last 48h
[ENSER] No fresh items in last 48h
[EQUIPPP] No fresh items in last 48h
[ESCONET] No fresh items in last 48h
[ESFL] No fresh items in last 48h
[ESSARSHPNG] No fresh items in last 48h
[FALCONTECH] No fresh items in last 48h
[FCONSUMER] No fresh items in last 48h
[FELDVR] No fresh items in last 48h
[FLEXITUFF] No fresh items in last 48h
[FLFL] No fresh items in last 48h
[FLYSBS] No fresh items in last 48h
[FMNL] No fresh items in last 48h
[FOCE] No fresh items in last 48h
[FOODSIN] No fresh items in last 48h
[FORCAS] No fresh items in last 48h
[FORGEAUTO] No fresh items in last 48h
[FSC] No fresh items in last 48h
[GANGABATH] No fresh items in last 48h
[GANGAFORGE] No fresh items in last 48h
[GATECHDVR] No fresh items in last 48h
[GAYAHWS] No fresh items in last 48h
[GAYAPROJ] No fresh items in last 48h
[GCHOTELS] No fresh items in last 48h
[GENSOL] No fresh items in last 48h
[GFSTEELS] No fresh items in last 48h
[GINNIFILA] No fresh items in last 48h
[GLFL] No fresh items in last 48h
Warning: enhanced_backtester.py not found. Backtesting features disabled.
Warning: scikit-learn not available. Some institutional features will be limited.
[WARNING] Transformers not available (No module named 'transformers'...). Using simple sentiment scoring.
[GLOBAL] Appended to: aggregated_full_articles_48h_20251002_110331
[GODAVARIB] No fresh items in last 48h
[GODHA] No fresh items in last 48h
[GOENKA] No fresh items in last 48h
[GOLDENTOBC] No fresh items in last 48h
[GOLDKART] No fresh items in last 48h
[GOLDSTAR] No fresh items in last 48h
[GPECO] No fresh items in last 48h
[GRAPHISAD] No fresh items in last 48h
[GRETEX] No fresh items in last 48h
[GSMFOILS] No fresh items in last 48h
[GSTL] No fresh items in last 48h
[GTECJAINX] No fresh items in last 48h
[GUJAPOLLO] No fresh items in last 48h
[GVT&D] No fresh items in last 48h
[HAVISHA] No fresh items in last 48h
[HBSL] No fresh items in last 48h
[HCC] No fresh items in last 48h
