2025-10-21 23:21:57,813 - INFO - Loading top-25 tickers...
2025-10-21 23:21:57,817 - INFO - Processing 25 tickers...
2025-10-21 23:21:57,818 - INFO - [1/25] Processing RELIANCE.NS...
2025-10-21 23:21:57,823 - INFO - [2/25] Processing TCS.NS...
2025-10-21 23:21:57,826 - INFO - [3/25] Processing HDFCBANK.NS...
2025-10-21 23:21:57,829 - INFO - [4/25] Processing INFY.NS...
2025-10-21 23:21:57,833 - INFO - [5/25] Processing ICICIBANK.NS...
2025-10-21 23:21:57,838 - INFO - [6/25] Processing HINDUNILVR.NS...
2025-10-21 23:21:57,842 - INFO - [7/25] Processing ITC.NS...
2025-10-21 23:21:57,847 - INFO - [8/25] Processing SBIN.NS...
2025-10-21 23:21:57,851 - INFO - [9/25] Processing BHARTIARTL.NS...
2025-10-21 23:21:57,857 - INFO - [10/25] Processing KOTAKBANK.NS...
2025-10-21 23:21:57,865 - INFO - [11/25] Processing BAJFINANCE.NS...
2025-10-21 23:21:57,886 - INFO - [12/25] Processing LT.NS...
2025-10-21 23:21:57,904 - INFO - [13/25] Processing HCLTECH.NS...
2025-10-21 23:21:57,930 - INFO - [14/25] Processing AXISBANK.NS...
2025-10-21 23:21:57,935 - INFO - [15/25] Processing MARUTI.NS...
2025-10-21 23:21:57,937 - INFO - [16/25] Processing ASIANPAINT.NS...
2025-10-21 23:21:57,944 - INFO - [17/25] Processing WIPRO.NS...
2025-10-21 23:21:57,948 - INFO - [18/25] Processing TITAN.NS...
2025-10-21 23:21:57,950 - INFO - [19/25] Processing ULTRACEMCO.NS...
2025-10-21 23:21:57,954 - INFO - [20/25] Processing SUNPHARMA.NS...
2025-10-21 23:21:57,957 - INFO - [21/25] Processing NESTLEIND.NS...
2025-10-21 23:21:57,960 - INFO - [22/25] Processing TECHM.NS...
2025-10-21 23:21:57,965 - INFO - [23/25] Processing ADANIENT.NS...
2025-10-21 23:21:57,968 - INFO - [24/25] Processing POWERGRID.NS...
2025-10-21 23:21:57,975 - INFO - [25/25] Processing NTPC.NS...
2025-10-21 23:21:57,979 - INFO - Processed 25 tickers successfully
2025-10-21 23:21:57,982 - INFO - Results saved to frontier_ai_full_results_20251021_232157.csv
2025-10-21 23:21:57,982 - INFO - 
================================================================================
2025-10-21 23:21:57,982 - INFO - SUMMARY
2025-10-21 23:21:57,983 - INFO - ================================================================================
2025-10-21 23:21:57,983 - INFO - Total tickers processed: 25
2025-10-21 23:21:57,983 - INFO - Final picks (gates passed): 3
2025-10-21 23:21:57,983 - INFO - Average alpha: 60.75
2025-10-21 23:21:57,983 - INFO - Top 5 picks by alpha:
2025-10-21 23:21:57,984 - INFO -   NTPC.NS      | Alpha:  77.34 | ✗ filtered | Title   : NTPC Share Price Live Updates: NTPC's Current Trading Status
2025-10-21 23:21:57,984 - INFO -   LT.NS        | Alpha:  74.78 | ✗ filtered | Full Article Fetch Test - RAJRILTD
2025-10-21 23:21:57,984 - INFO -   BAJFINANCE.NS | Alpha:  74.21 | ✓ PICK | Full Article Fetch Test - BAJFINANCE
2025-10-21 23:21:57,985 - INFO -   HINDUNILVR.NS | Alpha:  74.16 | ✓ PICK | Full Article Fetch Test - HINDUNILVR
2025-10-21 23:21:57,985 - INFO -   ADANIENT.NS  | Alpha:  72.85 | ✓ PICK | Full Article Fetch Test - ADANIENT
