2025-10-21 21:45:47,314 - INFO - Loading top-25 tickers...
2025-10-21 21:45:47,316 - INFO - Processing 25 tickers...
2025-10-21 21:45:47,317 - INFO - [1/25] Processing RELIANCE.NS...
2025-10-21 21:45:47,320 - INFO - [2/25] Processing TCS.NS...
2025-10-21 21:45:47,323 - INFO - [3/25] Processing HDFCBANK.NS...
2025-10-21 21:45:47,325 - INFO - [4/25] Processing INFY.NS...
2025-10-21 21:45:47,331 - INFO - [5/25] Processing ICICIBANK.NS...
2025-10-21 21:45:47,349 - INFO - [6/25] Processing HINDUNILVR.NS...
2025-10-21 21:45:47,365 - INFO - [7/25] Processing ITC.NS...
2025-10-21 21:45:47,394 - INFO - [8/25] Processing SBIN.NS...
2025-10-21 21:45:47,417 - INFO - [9/25] Processing BHARTIARTL.NS...
2025-10-21 21:45:47,432 - INFO - [10/25] Processing KOTAKBANK.NS...
2025-10-21 21:45:47,447 - INFO - [11/25] Processing BAJFINANCE.NS...
2025-10-21 21:45:47,471 - INFO - [12/25] Processing LT.NS...
2025-10-21 21:45:47,507 - INFO - [13/25] Processing HCLTECH.NS...
2025-10-21 21:45:47,552 - INFO - [14/25] Processing AXISBANK.NS...
2025-10-21 21:45:47,581 - INFO - [15/25] Processing MARUTI.NS...
2025-10-21 21:45:47,611 - INFO - [16/25] Processing ASIANPAINT.NS...
2025-10-21 21:45:47,653 - INFO - [17/25] Processing WIPRO.NS...
2025-10-21 21:45:47,746 - INFO - [18/25] Processing TITAN.NS...
2025-10-21 21:45:47,796 - INFO - [19/25] Processing ULTRACEMCO.NS...
2025-10-21 21:45:47,869 - INFO - [20/25] Processing SUNPHARMA.NS...
2025-10-21 21:45:47,982 - INFO - [21/25] Processing NESTLEIND.NS...
2025-10-21 21:45:48,090 - INFO - [22/25] Processing TECHM.NS...
2025-10-21 21:45:48,217 - INFO - [23/25] Processing ADANIENT.NS...
2025-10-21 21:45:48,294 - INFO - [24/25] Processing POWERGRID.NS...
2025-10-21 21:45:48,387 - INFO - [25/25] Processing NTPC.NS...
2025-10-21 21:45:48,457 - INFO - Processed 25 tickers successfully
2025-10-21 21:45:48,464 - INFO - Results saved to frontier_ai_results_20251021_214547.csv
2025-10-21 21:45:48,467 - INFO - 
================================================================================
2025-10-21 21:45:48,467 - INFO - SUMMARY
2025-10-21 21:45:48,467 - INFO - ================================================================================
2025-10-21 21:45:48,467 - INFO - Total tickers processed: 25
2025-10-21 21:45:48,468 - INFO - Final picks (gates passed): 4
2025-10-21 21:45:48,469 - INFO - Average alpha: 66.63
2025-10-21 21:45:48,469 - INFO - Top 5 picks by alpha:
2025-10-21 21:45:48,470 - INFO -   ITC.NS       | Alpha:  80.24 | ✓ PICK | The pain is concentrated on companies that depend on countries that do not have 
2025-10-21 21:45:48,471 - INFO -   NTPC.NS      | Alpha:  78.10 | ✗ filtered | Top Trending Stocks: SBI Share Price, Axis Bank Share Price, HDFC Bank Share Pri
2025-10-21 21:45:48,471 - INFO -   RELIANCE.NS  | Alpha:  77.70 | ✗ filtered | "The market's strength was underpinned by upbeat quarterly results from heavywei
2025-10-21 21:45:48,471 - INFO -   TCS.NS       | Alpha:  76.41 | ✗ filtered | Title   : TCS Share Price Live Updates: TCS Current Price Update
2025-10-21 21:45:48,472 - INFO -   WIPRO.NS     | Alpha:  76.16 | ✗ filtered | Top Trending Stocks: SBI Share Price, Axis Bank Share Price, HDFC Bank Share Pri
