2025-10-23 23:32:15,731 - INFO - ✅ Frontier AI components loaded
2025-10-23 23:32:15,735 - INFO - 🤖 Real-time AI Analyzer initialized
2025-10-23 23:32:15,735 - INFO - 🚀 Starting real-time collection + analysis for 50 tickers
2025-10-23 23:32:15,737 - INFO -    Time window: 24 hours
2025-10-23 23:32:15,737 - INFO -    Max articles per ticker: 10
2025-10-23 23:32:15,741 - INFO - [1/50] Processing 21STCENMGM...
2025-10-23 23:32:15,743 - INFO - 📰 Fetching news for 21STCENMGM (last 24h)
2025-10-23 23:32:18,998 - INFO - ℹ️  No recent news for 21STCENMGM
2025-10-23 23:32:18,998 - INFO - [2/50] Processing A2ZINFRA...
2025-10-23 23:32:18,998 - INFO - 📰 Fetching news for A2ZINFRA (last 24h)
2025-10-23 23:32:20,623 - INFO - ℹ️  No recent news for A2ZINFRA
2025-10-23 23:32:20,624 - INFO - [3/50] Processing ACL...
2025-10-23 23:32:20,624 - INFO - 📰 Fetching news for ACL (last 24h)
2025-10-23 23:32:22,199 - INFO - ℹ️  No recent news for ACL
2025-10-23 23:32:22,200 - INFO - [4/50] Processing AGSTRA...
2025-10-23 23:32:22,200 - INFO - 📰 Fetching news for AGSTRA (last 24h)
2025-10-23 23:32:24,278 - INFO - ℹ️  No recent news for AGSTRA
2025-10-23 23:32:24,279 - INFO - [5/50] Processing ANSALAPI...
2025-10-23 23:32:24,279 - INFO - 📰 Fetching news for ANSALAPI (last 24h)
2025-10-23 23:32:26,017 - INFO - ℹ️  No recent news for ANSALAPI
2025-10-23 23:32:26,018 - INFO - [6/50] Processing BLUECHIP...
2025-10-23 23:32:26,018 - INFO - 📰 Fetching news for BLUECHIP (last 24h)
2025-10-23 23:32:27,785 - INFO - ℹ️  No recent news for BLUECHIP
2025-10-23 23:32:27,792 - INFO - [7/50] Processing DHARAN...
2025-10-23 23:32:27,793 - INFO - 📰 Fetching news for DHARAN (last 24h)
2025-10-23 23:32:29,238 - INFO - ℹ️  No recent news for DHARAN
2025-10-23 23:32:29,238 - INFO - [8/50] Processing EXCEL...
2025-10-23 23:32:29,238 - INFO - 📰 Fetching news for EXCEL (last 24h)
2025-10-23 23:32:30,266 - INFO - ℹ️  No recent news for EXCEL
2025-10-23 23:32:30,281 - INFO - [9/50] Processing FEL...
2025-10-23 23:32:30,284 - INFO - 📰 Fetching news for FEL (last 24h)
2025-10-23 23:32:29,742 - INFO - ℹ️  No recent news for FEL
2025-10-23 23:32:29,745 - INFO - [10/50] Processing GVKPIL...
2025-10-23 23:32:29,748 - INFO - 📰 Fetching news for GVKPIL (last 24h)
2025-10-23 23:32:32,358 - INFO - ℹ️  No recent news for GVKPIL
2025-10-23 23:32:32,359 - INFO - [11/50] Processing IEL...
2025-10-23 23:32:32,360 - INFO - 📰 Fetching news for IEL (last 24h)
2025-10-23 23:32:33,366 - INFO - ℹ️  No recent news for IEL
2025-10-23 23:32:33,367 - INFO - [12/50] Processing ITTL...
2025-10-23 23:32:33,368 - INFO - 📰 Fetching news for ITTL (last 24h)
2025-10-23 23:32:34,620 - INFO - ℹ️  No recent news for ITTL
2025-10-23 23:32:34,620 - INFO - [13/50] Processing KRISHIVAL...
2025-10-23 23:32:34,621 - INFO - 📰 Fetching news for KRISHIVAL (last 24h)
2025-10-23 23:32:36,344 - INFO - ℹ️  No recent news for KRISHIVAL
2025-10-23 23:32:36,344 - INFO - [14/50] Processing MANUGRAPH...
2025-10-23 23:32:36,344 - INFO - 📰 Fetching news for MANUGRAPH (last 24h)
2025-10-23 23:32:38,135 - INFO - ℹ️  No recent news for MANUGRAPH
2025-10-23 23:32:38,137 - INFO - [15/50] Processing MEP...
2025-10-23 23:32:38,201 - INFO - 📰 Fetching news for MEP (last 24h)
2025-10-23 23:32:39,898 - INFO - ℹ️  No recent news for MEP
2025-10-23 23:32:39,899 - INFO - [16/50] Processing MVKAGRO...
2025-10-23 23:32:39,899 - INFO - 📰 Fetching news for MVKAGRO (last 24h)
2025-10-23 23:32:41,076 - INFO - ℹ️  No recent news for MVKAGRO
2025-10-23 23:32:41,077 - INFO - [17/50] Processing NORBTEAEXP...
2025-10-23 23:32:41,077 - INFO - 📰 Fetching news for NORBTEAEXP (last 24h)
2025-10-23 23:32:42,563 - INFO - ℹ️  No recent news for NORBTEAEXP
2025-10-23 23:32:42,564 - INFO - [18/50] Processing ORTINGLOBE...
2025-10-23 23:32:42,564 - INFO - 📰 Fetching news for ORTINGLOBE (last 24h)
